<?xml version="1.0" encoding="UTF-8"?>
<beans 	xmlns="http://www.springframework.org/schema/beans"
		xmlns:xsi="http://www.w3.org/2001/XMLSchema-instance"
		xmlns:jdbc="http://www.springframework.org/schema/jdbc"
		xmlns:tx="http://www.springframework.org/schema/tx"
		xmlns:p="http://www.springframework.org/schema/p"
		xsi:schemaLocation="http://www.springframework.org/schema/beans 
							http://www.springframework.org/schema/beans/spring-beans-2.0.xsd
							http://www.springframework.org/schema/jdbc
                 			http://www.springframework.org/schema/jdbc/spring-jdbc-3.0.xsd
                 			http://www.springframework.org/schema/tx 
                 			http://www.springframework.org/schema/tx/spring-tx-3.0.xsd">
                 			
	<jdbc:embedded-database id="dataSource" type="H2">
		<jdbc:script location="classpath:schema.sql"/>
		<jdbc:script location="classpath:data.sql"/>
	</jdbc:embedded-database>

    <bean id="sessionFactory" class="org.springframework.orm.hibernate3.annotation.AnnotationSessionFactoryBean">
		<property name="dataSource" ref="dataSource" />
		<property name="packagesToScan" value="com.spring.dao" />
		<property name="hibernateProperties">
			<props>
				<prop key="hibernate.dialect">org.hibernate.dialect.HSQLDialect</prop>
				<prop key="hibernate.hbm2ddl.auto">create</prop>
				<prop key="hibernate.show_sql">true</prop>
			</props>
		</property>
	</bean>
    
	<bean id="txMgr" class="org.springframework.orm.hibernate3.HibernateTransactionManager" p:sessionFactory-ref="sessionFactory" />
	<tx:annotation-driven />
	<bean id="hibernateTemplate" class="org.springframework.orm.hibernate3.HibernateTemplate">
		<property name="sessionFactory" ref="sessionFactory" />
	</bean>
	<bean id="rantDao" class="com.spring.dao.impl.HibernateRantDao">
		<property name="template" ref="hibernateTemplate"/>
	</bean>    
</beans>