<?xml version="1.0" encoding="UTF-8"?>
<beans 	xmlns="http://www.springframework.org/schema/beans"
		xmlns:xsi="http://www.w3.org/2001/XMLSchema-instance"
		xmlns:jdbc="http://www.springframework.org/schema/jdbc"
		xmlns:tx="http://www.springframework.org/schema/tx"
		xmlns:p="http://www.springframework.org/schema/p"
		xmlns:jpa="http://www.springframework.org/schema/data/jpa"
		xsi:schemaLocation="http://www.springframework.org/schema/beans 
							http://www.springframework.org/schema/beans/spring-beans-2.0.xsd
							http://www.springframework.org/schema/jdbc
                 			http://www.springframework.org/schema/jdbc/spring-jdbc-3.0.xsd
                 			http://www.springframework.org/schema/tx 
                 			http://www.springframework.org/schema/tx/spring-tx-3.0.xsd
                 			http://www.springframework.org/schema/data/jpa
                            http://www.springframework.org/schema/data/jpa/spring-jpa-1.0.xsd">
   
	<jdbc:embedded-database id="dataSource" type="H2">
		<jdbc:script location="classpath:schema.sql"/>
		<jdbc:script location="classpath:data.sql"/>
	</jdbc:embedded-database>

	<bean id="jpaVendorAdapter" class="org.springframework.orm.jpa.vendor.HibernateJpaVendorAdapter">
		<property name="database" value="H2" />
		<property name="showSql" value="true" />
		<property name="generateDdl" value="false" />
		<property name="databasePlatform" value="org.hibernate.dialect.H2Dialect" />
	</bean>
	<bean id="emf" class="org.springframework.orm.jpa.LocalContainerEntityManagerFactoryBean">
		<property name="dataSource" ref="dataSource" />
		<property name="jpaVendorAdapter" ref="jpaVendorAdapter" />
	</bean>
    <bean id="transactionManager" class="org.springframework.orm.jpa.JpaTransactionManager">
		<property name="entityManagerFactory" ref="emf" />
	</bean>
	<bean id="spitterDAO" class="com.spring.dao.impl.JpaSpitterDao">
	</bean>
    <tx:annotation-driven />
</beans>