<?xml version="1.0" encoding="UTF-8"?>

<beans xmlns="http://www.springframework.org/schema/beans"
	xmlns:p="http://www.springframework.org/schema/p"
    xmlns:xsi="http://www.w3.org/2001/XMLSchema-instance"
    xmlns:context="http://www.springframework.org/schema/context"
    xmlns:tx="http://www.springframework.org/schema/tx"
    xmlns:jdbc="http://www.springframework.org/schema/jdbc"
    xsi:schemaLocation="http://www.springframework.org/schema/beans
	    http://www.springframework.org/schema/beans/spring-beans-3.0.xsd
	    http://www.springframework.org/schema/context
		http://www.springframework.org/schema/context/spring-context-3.0.xsd
		http://www.springframework.org/schema/tx 
	    http://www.springframework.org/schema/tx/spring-tx-3.0.xsd
	    http://www.springframework.org/schema/jdbc
        http://www.springframework.org/schema/jdbc/spring-jdbc-3.0.xsd">
	
	<jdbc:embedded-database id="dataSource" type="H2">
		<jdbc:script location="classpath:schema.sql"/>
		<jdbc:script location="classpath:data.sql"/>      
	</jdbc:embedded-database>
	
	<bean id="sessionFactory" class="org.springframework.orm.hibernate3.annotation.AnnotationSessionFactoryBean">
		<property name="dataSource" ref="dataSource" />
		<property name="packagesToScan" value="com.spring.model" />
		<property name="hibernateProperties">
			<props>
				<prop key="hibernate.dialect">org.hibernate.dialect.HSQLDialect</prop>
				<prop key="hibernate.hbm2ddl.auto">create</prop>
				<prop key="hibernate.show_sql">true</prop>
			</props>
		</property>
	</bean>
	
	<bean id="hibernateTemplate" class="org.springframework.orm.hibernate3.HibernateTemplate">
		<property name="sessionFactory" ref="sessionFactory" />
	</bean>
	
	<bean id="transactionManager" class="org.springframework.orm.hibernate3.HibernateTransactionManager">
		<property name="sessionFactory" ref="sessionFactory"/>
	</bean>
	
	<bean id="spitterDAO" class="com.spring.dao.HibernateSpitterDao">
		<property name="hibernateTemplate" ref="hibernateTemplate"/>
		<property name="sessionFactory" ref="sessionFactory"/>
	</bean>
	<bean id="spitterService" class="com.spring.service.SpitterServiceImpl">
		<property name="spitterDao" ref="spitterDAO"/>
		<property name="transactionTemplate">
			<bean class="org.springframework.transaction.support.TransactionTemplate">
				<property name="transactionManager"	ref="transactionManager" />
			</bean>
		</property>
	</bean>
	
	
	
	<tx:annotation-driven />
</beans>