<?xml version="1.0" encoding="UTF-8"?>

<beans xmlns="http://www.springframework.org/schema/beans"
    xmlns:xsi="http://www.w3.org/2001/XMLSchema-instance"
    xmlns:jdbc="http://www.springframework.org/schema/jdbc"
    xsi:schemaLocation="http://www.springframework.org/schema/beans
                 http://www.springframework.org/schema/beans/spring-beans-2.0.xsd
                 http://www.springframework.org/schema/jdbc
                 http://www.springframework.org/schema/jdbc/spring-jdbc-3.0.xsd">
                 
	<jdbc:embedded-database id="dataSource" type="H2">
		<jdbc:script location="classpath:schema.sql"/>
		<jdbc:script location="classpath:data.sql"/>      
	</jdbc:embedded-database>
	
	<bean id="sessionFactory" class="org.springframework.orm.hibernate3.LocalSessionFactoryBean">
		<property name="dataSource" ref="dataSource" />
		<property name="mappingResources">
			<list>
				<value>hibernate/mappingXML/Spitter.hbm.xml</value>
			</list>
		</property>
		<property name="hibernateProperties">
			<props>
				<prop key="dialect">org.hibernate.dialect.H2Dialect</prop>
			</props>
		</property>
	</bean>
    <bean id="hibernateTemplate" class="org.springframework.orm.hibernate3.HibernateTemplate">
		<property name="sessionFactory" ref="sessionFactory" />
	</bean>
	<bean id="spitterDAO" class="com.spring.hibernate.xml.dao.impl.HibernateSpitterDao">
		<property name="template" ref="hibernateTemplate"/>
	</bean>      
</beans>